<?xml version="1.0" encoding="UTF-8"?>
<!-- Generated by org.testng.reporters.JUnitXMLReporter -->
<testsuite hostname="DESKTOP-1542ABD" ignored="0" name="Selenium Take Home Test" tests="21" failures="0" timestamp="17 Dec 2019 20:17:50 GMT" time="24.625" errors="0">
  <testcase name="sloganPresent" time="0.082" classname="com.vlocity.qe.WikipediaTest"/>
  <testcase name="testHyperLinksStatus" time="0.715" classname="com.vlocity.qe.WikipediaTest"/>
  <testcase name="testHyperLinksStatus" time="0.703" classname="com.vlocity.qe.WikipediaTest"/>
  <testcase name="testHyperLinksStatus" time="0.936" classname="com.vlocity.qe.WikipediaTest"/>
  <testcase name="testHyperLinksStatus" time="0.718" classname="com.vlocity.qe.WikipediaTest"/>
  <testcase name="testHyperLinksStatus" time="1.266" classname="com.vlocity.qe.WikipediaTest"/>
  <testcase name="testHyperLinksStatus" time="1.016" classname="com.vlocity.qe.WikipediaTest"/>
  <testcase name="testHyperLinksStatus" time="1.001" classname="com.vlocity.qe.WikipediaTest"/>
  <testcase name="testHyperLinksStatus" time="1.275" classname="com.vlocity.qe.WikipediaTest"/>
  <testcase name="testHyperLinksStatus" time="0.801" classname="com.vlocity.qe.WikipediaTest"/>
  <testcase name="testHyperLinksStatus" time="0.931" classname="com.vlocity.qe.WikipediaTest"/>
  <testcase name="verifyLanguagePresent" time="0.42" classname="com.vlocity.qe.WikipediaTest"/>
  <testcase name="verifyLanguagePresent" time="0.168" classname="com.vlocity.qe.WikipediaTest"/>
  <testcase name="verifyLanguagePresent" time="0.182" classname="com.vlocity.qe.WikipediaTest"/>
  <testcase name="verifyLanguagePresent" time="0.287" classname="com.vlocity.qe.WikipediaTest"/>
  <testcase name="verifyLanguagePresent" time="0.16" classname="com.vlocity.qe.WikipediaTest"/>
  <testcase name="verifyLanguagePresent" time="0.178" classname="com.vlocity.qe.WikipediaTest"/>
  <testcase name="verifyLanguagePresent" time="0.167" classname="com.vlocity.qe.WikipediaTest"/>
  <testcase name="verifyLanguagePresent" time="0.164" classname="com.vlocity.qe.WikipediaTest"/>
  <testcase name="verifyLanguagePresent" time="0.173" classname="com.vlocity.qe.WikipediaTest"/>
  <testcase name="verifyLanguagePresent" time="0.168" classname="com.vlocity.qe.WikipediaTest"/>
</testsuite> <!-- Selenium Take Home Test -->
