<?xml version="1.0" encoding="UTF-8"?>
<testsuite xmlns:xsi="http://www.w3.org/2001/XMLSchema-instance" xsi:noNamespaceSchemaLocation="https://maven.apache.org/surefire/maven-surefire-plugin/xsd/surefire-test-report.xsd" name="TestSuite" time="26.011" tests="21" errors="0" skipped="0" failures="0">
  <properties>
[...]
</properties>
  <testcase name="sloganPresent" classname="com.vlocity.qe.WikipediaTest" time="0.083"/>
  <testcase name="testHyperLinksStatus" classname="com.vlocity.qe.WikipediaTest" time="0.715"/>
  <testcase name="testHyperLinksStatus" classname="com.vlocity.qe.WikipediaTest" time="0.7"/>
  <testcase name="testHyperLinksStatus" classname="com.vlocity.qe.WikipediaTest" time="0.937"/>
  <testcase name="testHyperLinksStatus" classname="com.vlocity.qe.WikipediaTest" time="0.719"/>
  <testcase name="testHyperLinksStatus" classname="com.vlocity.qe.WikipediaTest" time="1.266"/>
  <testcase name="testHyperLinksStatus" classname="com.vlocity.qe.WikipediaTest" time="1.016"/>
  <testcase name="testHyperLinksStatus" classname="com.vlocity.qe.WikipediaTest" time="1"/>
  <testcase name="testHyperLinksStatus" classname="com.vlocity.qe.WikipediaTest" time="1.276"/>
  <testcase name="testHyperLinksStatus" classname="com.vlocity.qe.WikipediaTest" time="0.801"/>
  <testcase name="testHyperLinksStatus" classname="com.vlocity.qe.WikipediaTest" time="0.93"/>
  <testcase name="verifyLanguagePresent" classname="com.vlocity.qe.WikipediaTest" time="0.438"/>
  <testcase name="verifyLanguagePresent" classname="com.vlocity.qe.WikipediaTest" time="0.166"/>
  <testcase name="verifyLanguagePresent" classname="com.vlocity.qe.WikipediaTest" time="0.201"/>
  <testcase name="verifyLanguagePresent" classname="com.vlocity.qe.WikipediaTest" time="0.281"/>
  <testcase name="verifyLanguagePresent" classname="com.vlocity.qe.WikipediaTest" time="0.149"/>
  <testcase name="verifyLanguagePresent" classname="com.vlocity.qe.WikipediaTest" time="0.18"/>
  <testcase name="verifyLanguagePresent" classname="com.vlocity.qe.WikipediaTest" time="0.163"/>
  <testcase name="verifyLanguagePresent" classname="com.vlocity.qe.WikipediaTest" time="0.168"/>
  <testcase name="verifyLanguagePresent" classname="com.vlocity.qe.WikipediaTest" time="0.171"/>
  <testcase name="verifyLanguagePresent" classname="com.vlocity.qe.WikipediaTest" time="0.168"/>
</testsuite>